<?xml version="1.0" encoding="UTF-8"?>
<!-- Generated by org.testng.reporters.JUnitReportReporter -->
<testsuite ignored="0" hostname="AL-67" failures="0" tests="1" name="TestCases1" time="0.045" errors="0" timestamp="10 May 2022 06:13:33 GMT" skipped="0">
  <testcase classname="TestCases1" name="test1" time="0.045"/>
</testsuite> <!-- TestCases1 -->
